2025-12-02T20:32:20.319+05:30  INFO 3728 --- [catalog-service] [main] com.wok.CatalogServiceApplication        : Starting CatalogServiceApplication using Java 21.0.6 with PID 3728 (C:\Users\Chauhans\OneDrive\Desktop\New folder (2)\ecomBasic\catalog-service\target\classes started by Chauhans in C:\Users\Chauhans\OneDrive\Desktop\New folder (2)\ecomBasic\catalog-service)
2025-12-02T20:32:20.321+05:30  INFO 3728 --- [catalog-service] [main] com.wok.CatalogServiceApplication        : No active profile set, falling back to 1 default profile: "default"
2025-12-02T20:32:20.838+05:30  INFO 3728 --- [catalog-service] [main] .s.d.r.c.RepositoryConfigurationDelegate : Multiple Spring Data modules found, entering strict repository configuration mode
2025-12-02T20:32:20.839+05:30  INFO 3728 --- [catalog-service] [main] .s.d.r.c.RepositoryConfigurationDelegate : Bootstrapping Spring Data JPA repositories in DEFAULT mode.
2025-12-02T20:32:20.986+05:30  INFO 3728 --- [catalog-service] [main] .s.d.r.c.RepositoryConfigurationDelegate : Finished Spring Data repository scanning in 135 ms. Found 1 JPA repository interface.
2025-12-02T20:32:21.186+05:30  INFO 3728 --- [catalog-service] [main] .s.d.r.c.RepositoryConfigurationDelegate : Multiple Spring Data modules found, entering strict repository configuration mode
2025-12-02T20:32:21.188+05:30  INFO 3728 --- [catalog-service] [main] .s.d.r.c.RepositoryConfigurationDelegate : Bootstrapping Spring Data Redis repositories in DEFAULT mode.
2025-12-02T20:32:21.210+05:30  INFO 3728 --- [catalog-service] [main] .RepositoryConfigurationExtensionSupport : Spring Data Redis - Could not safely identify store assignment for repository candidate interface com.wok.catalog.repository.ProductRepository; If you want this repository to be a Redis repository, consider annotating your entities with one of these annotations: org.springframework.data.redis.core.RedisHash (preferred), or consider extending one of the following types with your repository: org.springframework.data.keyvalue.repository.KeyValueRepository
2025-12-02T20:32:21.211+05:30  INFO 3728 --- [catalog-service] [main] .s.d.r.c.RepositoryConfigurationDelegate : Finished Spring Data repository scanning in 13 ms. Found 0 Redis repository interfaces.
2025-12-02T20:32:21.808+05:30  INFO 3728 --- [catalog-service] [main] o.s.b.w.embedded.tomcat.TomcatWebServer  : Tomcat initialized with port 8001 (http)
2025-12-02T20:32:21.818+05:30  INFO 3728 --- [catalog-service] [main] o.apache.catalina.core.StandardService   : Starting service [Tomcat]
2025-12-02T20:32:21.819+05:30  INFO 3728 --- [catalog-service] [main] o.apache.catalina.core.StandardEngine    : Starting Servlet engine: [Apache Tomcat/10.1.16]
2025-12-02T20:32:21.896+05:30  INFO 3728 --- [catalog-service] [main] o.a.c.c.C.[Tomcat].[localhost].[/]       : Initializing Spring embedded WebApplicationContext
2025-12-02T20:32:21.897+05:30  INFO 3728 --- [catalog-service] [main] w.s.c.ServletWebServerApplicationContext : Root WebApplicationContext: initialization completed in 1520 ms
2025-12-02T20:32:22.279+05:30  INFO 3728 --- [catalog-service] [main] o.hibernate.jpa.internal.util.LogHelper  : HHH000204: Processing PersistenceUnitInfo [name: default]
2025-12-02T20:32:22.367+05:30  INFO 3728 --- [catalog-service] [main] org.hibernate.Version                    : HHH000412: Hibernate ORM core version 6.3.1.Final
2025-12-02T20:32:22.415+05:30  INFO 3728 --- [catalog-service] [main] o.h.c.internal.RegionFactoryInitiator    : HHH000026: Second-level cache disabled
2025-12-02T20:32:22.703+05:30  INFO 3728 --- [catalog-service] [main] o.s.o.j.p.SpringPersistenceUnitInfo      : No LoadTimeWeaver setup: ignoring JPA class transformer
2025-12-02T20:32:22.733+05:30  INFO 3728 --- [catalog-service] [main] com.zaxxer.hikari.HikariDataSource       : HikariPool-1 - Starting...
2025-12-02T20:32:23.278+05:30  INFO 3728 --- [catalog-service] [main] com.zaxxer.hikari.pool.HikariPool        : HikariPool-1 - Added connection com.mysql.cj.jdbc.ConnectionImpl@6acb45c1
2025-12-02T20:32:23.279+05:30  INFO 3728 --- [catalog-service] [main] com.zaxxer.hikari.HikariDataSource       : HikariPool-1 - Start completed.
2025-12-02T20:32:23.433+05:30  WARN 3728 --- [catalog-service] [main] org.hibernate.orm.deprecation            : HHH90000025: MySQL8Dialect does not need to be specified explicitly using 'hibernate.dialect' (remove the property setting and it will be selected by default)
2025-12-02T20:32:23.434+05:30  WARN 3728 --- [catalog-service] [main] org.hibernate.orm.deprecation            : HHH90000026: MySQL8Dialect has been deprecated; use org.hibernate.dialect.MySQLDialect instead
2025-12-02T20:32:24.230+05:30  INFO 3728 --- [catalog-service] [main] o.h.e.t.j.p.i.JtaPlatformInitiator       : HHH000489: No JTA platform available (set 'hibernate.transaction.jta.platform' to enable JTA platform integration)
2025-12-02T20:32:24.323+05:30 DEBUG 3728 --- [catalog-service] [main] org.hibernate.SQL                        : 
    create table products (
        id bigint not null auto_increment,
        category varchar(100),
        created_at datetime(6),
        description varchar(1000),
        name varchar(255),
        price decimal(10,2),
        sku varchar(50),
        stock integer,
        updated_at datetime(6),
        primary key (id)
    ) engine=InnoDB
2025-12-02T20:32:24.457+05:30 DEBUG 3728 --- [catalog-service] [main] org.hibernate.SQL                        : 
    create index idx_sku 
       on products (sku)
2025-12-02T20:32:24.579+05:30 DEBUG 3728 --- [catalog-service] [main] org.hibernate.SQL                        : 
    create index idx_category 
       on products (category)
2025-12-02T20:32:24.599+05:30 DEBUG 3728 --- [catalog-service] [main] org.hibernate.SQL                        : 
    alter table products 
       drop index UK_fhmd06dsmj6k0n90swsh8ie9g
2025-12-02T20:32:24.630+05:30 DEBUG 3728 --- [catalog-service] [main] org.hibernate.SQL                        : 
    alter table products 
       add constraint UK_fhmd06dsmj6k0n90swsh8ie9g unique (sku)
2025-12-02T20:32:24.656+05:30  INFO 3728 --- [catalog-service] [main] j.LocalContainerEntityManagerFactoryBean : Initialized JPA EntityManagerFactory for persistence unit 'default'
2025-12-02T20:32:25.113+05:30  WARN 3728 --- [catalog-service] [main] JpaBaseConfiguration$JpaWebConfiguration : spring.jpa.open-in-view is enabled by default. Therefore, database queries may be performed during view rendering. Explicitly configure spring.jpa.open-in-view to disable this warning
2025-12-02T20:32:25.217+05:30 DEBUG 3728 --- [catalog-service] [main] s.w.s.m.m.a.RequestMappingHandlerMapping : 6 mappings in 'requestMappingHandlerMapping'
2025-12-02T20:32:25.245+05:30 DEBUG 3728 --- [catalog-service] [main] o.s.w.s.handler.SimpleUrlHandlerMapping  : Patterns [/webjars/**, /**] in 'resourceHandlerMapping'
2025-12-02T20:32:25.278+05:30 DEBUG 3728 --- [catalog-service] [main] s.w.s.m.m.a.RequestMappingHandlerAdapter : ControllerAdvice beans: 0 @ModelAttribute, 0 @InitBinder, 1 RequestBodyAdvice, 1 ResponseBodyAdvice
2025-12-02T20:32:25.315+05:30 DEBUG 3728 --- [catalog-service] [main] .m.m.a.ExceptionHandlerExceptionResolver : ControllerAdvice beans: 1 @ExceptionHandler, 1 ResponseBodyAdvice
2025-12-02T20:32:25.539+05:30  INFO 3728 --- [catalog-service] [main] o.s.b.w.embedded.tomcat.TomcatWebServer  : Tomcat started on port 8001 (http) with context path ''
2025-12-02T20:32:25.544+05:30  INFO 3728 --- [catalog-service] [main] com.wok.CatalogServiceApplication        : Started CatalogServiceApplication in 5.654 seconds (process running for 6.016)
2025-12-02T21:15:55.208+05:30  WARN 3728 --- [catalog-service] [HikariPool-1 housekeeper] com.zaxxer.hikari.pool.HikariPool        : HikariPool-1 - Thread starvation or clock leap detected (housekeeper delta=10m1s215ms474µs300ns).
