2025-12-02T20:34:04.214+05:30  INFO 22244 --- [order-service] [main] com.wok.OrderServiceApplication          : Starting OrderServiceApplication using Java 21.0.6 with PID 22244 (C:\Users\Chauhans\OneDrive\Desktop\New folder (2)\ecomBasic\order-service\target\classes started by Chauhans in C:\Users\Chauhans\OneDrive\Desktop\New folder (2)\ecomBasic\order-service)
2025-12-02T20:34:04.215+05:30 DEBUG 22244 --- [order-service] [main] com.wok.OrderServiceApplication          : Running with Spring Boot v3.2.0, Spring v6.1.1
2025-12-02T20:34:04.216+05:30  INFO 22244 --- [order-service] [main] com.wok.OrderServiceApplication          : No active profile set, falling back to 1 default profile: "default"
2025-12-02T20:34:04.628+05:30  INFO 22244 --- [order-service] [main] .s.d.r.c.RepositoryConfigurationDelegate : Multiple Spring Data modules found, entering strict repository configuration mode
2025-12-02T20:34:04.629+05:30  INFO 22244 --- [order-service] [main] .s.d.r.c.RepositoryConfigurationDelegate : Bootstrapping Spring Data JPA repositories in DEFAULT mode.
2025-12-02T20:34:04.672+05:30  INFO 22244 --- [order-service] [main] .s.d.r.c.RepositoryConfigurationDelegate : Finished Spring Data repository scanning in 35 ms. Found 1 JPA repository interface.
2025-12-02T20:34:05.324+05:30  INFO 22244 --- [order-service] [main] o.s.b.w.embedded.tomcat.TomcatWebServer  : Tomcat initialized with port 8003 (http)
2025-12-02T20:34:05.334+05:30  INFO 22244 --- [order-service] [main] o.apache.catalina.core.StandardService   : Starting service [Tomcat]
2025-12-02T20:34:05.334+05:30  INFO 22244 --- [order-service] [main] o.apache.catalina.core.StandardEngine    : Starting Servlet engine: [Apache Tomcat/10.1.16]
2025-12-02T20:34:05.414+05:30  INFO 22244 --- [order-service] [main] o.a.c.c.C.[Tomcat].[localhost].[/]       : Initializing Spring embedded WebApplicationContext
2025-12-02T20:34:05.414+05:30  INFO 22244 --- [order-service] [main] w.s.c.ServletWebServerApplicationContext : Root WebApplicationContext: initialization completed in 1155 ms
2025-12-02T20:34:05.560+05:30  INFO 22244 --- [order-service] [main] o.hibernate.jpa.internal.util.LogHelper  : HHH000204: Processing PersistenceUnitInfo [name: default]
2025-12-02T20:34:05.653+05:30  INFO 22244 --- [order-service] [main] org.hibernate.Version                    : HHH000412: Hibernate ORM core version 6.3.1.Final
2025-12-02T20:34:05.700+05:30  INFO 22244 --- [order-service] [main] o.h.c.internal.RegionFactoryInitiator    : HHH000026: Second-level cache disabled
2025-12-02T20:34:06.078+05:30  INFO 22244 --- [order-service] [main] o.s.o.j.p.SpringPersistenceUnitInfo      : No LoadTimeWeaver setup: ignoring JPA class transformer
2025-12-02T20:34:06.107+05:30  INFO 22244 --- [order-service] [main] com.zaxxer.hikari.HikariDataSource       : HikariPool-1 - Starting...
2025-12-02T20:34:06.698+05:30  INFO 22244 --- [order-service] [main] com.zaxxer.hikari.pool.HikariPool        : HikariPool-1 - Added connection com.mysql.cj.jdbc.ConnectionImpl@52a67293
2025-12-02T20:34:06.699+05:30  INFO 22244 --- [order-service] [main] com.zaxxer.hikari.HikariDataSource       : HikariPool-1 - Start completed.
2025-12-02T20:34:06.785+05:30  WARN 22244 --- [order-service] [main] org.hibernate.orm.deprecation            : HHH90000025: MySQL8Dialect does not need to be specified explicitly using 'hibernate.dialect' (remove the property setting and it will be selected by default)
2025-12-02T20:34:06.787+05:30  WARN 22244 --- [order-service] [main] org.hibernate.orm.deprecation            : HHH90000026: MySQL8Dialect has been deprecated; use org.hibernate.dialect.MySQLDialect instead
2025-12-02T20:34:07.747+05:30  INFO 22244 --- [order-service] [main] o.h.e.t.j.p.i.JtaPlatformInitiator       : HHH000489: No JTA platform available (set 'hibernate.transaction.jta.platform' to enable JTA platform integration)
2025-12-02T20:34:08.215+05:30  INFO 22244 --- [order-service] [main] j.LocalContainerEntityManagerFactoryBean : Initialized JPA EntityManagerFactory for persistence unit 'default'
2025-12-02T20:34:08.684+05:30  WARN 22244 --- [order-service] [main] JpaBaseConfiguration$JpaWebConfiguration : spring.jpa.open-in-view is enabled by default. Therefore, database queries may be performed during view rendering. Explicitly configure spring.jpa.open-in-view to disable this warning
2025-12-02T20:34:08.957+05:30  INFO 22244 --- [order-service] [main] o.s.b.w.embedded.tomcat.TomcatWebServer  : Tomcat started on port 8003 (http) with context path ''
2025-12-02T20:34:08.964+05:30  INFO 22244 --- [order-service] [main] com.wok.OrderServiceApplication          : Started OrderServiceApplication in 5.2 seconds (process running for 5.534)
2025-12-02T21:15:38.583+05:30  WARN 22244 --- [order-service] [HikariPool-1 housekeeper] com.zaxxer.hikari.pool.HikariPool        : HikariPool-1 - Thread starvation or clock leap detected (housekeeper delta=10m1s218ms636µs600ns).
